<?xml version="1.0" encoding="UTF-8"?>
<!-- Generated by org.testng.reporters.JUnitReportReporter -->
<testsuite hostname="siddalingeshs-MacBook-Pro.local" failures="0" tests="1" name="Day_1.PathandQueryParameters" time="1.774" errors="0" timestamp="2025-03-11T15:41:59 IST" skipped="0">
  <testcase classname="Day_1.PathandQueryParameters" name="testPathandQueryParameters" time="1.774"/>
</testsuite> <!-- Day_1.PathandQueryParameters -->
