<?xml version="1.0" encoding="UTF-8"?>
<!-- Generated by org.testng.reporters.JUnitReportReporter -->
<testsuite hostname="siddalingeshs-MacBook-Pro.local" failures="0" tests="1" name="Day_1.Headers_Testing" time="2.641" errors="0" timestamp="2025-03-11T16:36:10 IST" skipped="0">
  <testcase classname="Day_1.Headers_Testing" name="testHeaders" time="2.641"/>
</testsuite> <!-- Day_1.Headers_Testing -->
