<?xml version="1.0" encoding="UTF-8"?>
<!-- Generated by org.testng.reporters.JUnitReportReporter -->
<testsuite hostname="siddalingeshs-MacBook-Pro.local" failures="0" tests="1" name="Day_1.LogginDemo" time="2.526" errors="0" timestamp="2025-03-11T16:51:52 IST" skipped="0">
  <testcase classname="Day_1.LogginDemo" name="testLogin" time="2.526"/>
</testsuite> <!-- Day_1.LogginDemo -->
