<?xml version="1.0" encoding="UTF-8"?>
<!-- Generated by org.testng.reporters.JUnitReportReporter -->
<testsuite hostname="siddalingeshs-MacBook-Pro.local" failures="0" tests="1" name="Day_2.JsonSchemaValidation" time="1.866" errors="0" timestamp="2025-03-12T16:50:04 IST" skipped="0">
  <testcase classname="Day_2.JsonSchemaValidation" name="XmlSchemaValidation" time="1.866"/>
</testsuite> <!-- Day_2.JsonSchemaValidation -->
