<?xml version="1.0" encoding="UTF-8"?>
<!-- Generated by org.testng.reporters.JUnitReportReporter -->
<testsuite hostname="siddalingeshs-MacBook-Pro.local" failures="0" tests="1" name="Day_2.XML_Parsing" time="2.481" errors="0" timestamp="2025-03-12T14:46:44 IST" skipped="0">
  <testcase classname="Day_2.XML_Parsing" name="testXML1" time="2.481"/>
</testsuite> <!-- Day_2.XML_Parsing -->
