<?xml version="1.0" encoding="UTF-8"?>
<!-- Generated by org.testng.reporters.JUnitReportReporter -->
<testsuite hostname="siddalingeshs-MacBook-Pro.local" failures="0" tests="1" name="Day_1.Headers" time="2.963" errors="0" timestamp="2025-03-11T16:21:21 IST" skipped="0">
  <testcase classname="Day_1.Headers" name="testHeaders" time="2.963"/>
</testsuite> <!-- Day_1.Headers -->
