<?xml version="1.0" encoding="UTF-8"?>
<!-- Generated by org.testng.reporters.JUnitReportReporter -->
<testsuite hostname="siddalingeshs-MacBook-Pro.local" failures="0" tests="2" name="Day_1.HTTPRequests" time="2.912" errors="0" timestamp="2025-03-12T10:53:34 IST" skipped="0">
  <testcase classname="Day_1.HTTPRequests" name="createUser" time="2.373"/>
  <testcase classname="Day_1.HTTPRequests" name="updateUser" time="0.539"/>
</testsuite> <!-- Day_1.HTTPRequests -->
